
state 0
	$accept: .stmnts $end 
	stmnts: .    (1)

	IDENT  shift 4
	NUMBER  shift 5
	.  reduce 1 (src line 26)

	stmnts  goto 1
	stmnt  goto 2
	expr  goto 3

state 1
	$accept:  stmnts.$end 

	$end  accept
	.  error


state 2
	stmnts:  stmnt.stmnts 
	stmnts: .    (1)

	IDENT  shift 4
	NUMBER  shift 5
	.  reduce 1 (src line 26)

	stmnts  goto 6
	stmnt  goto 2
	expr  goto 3

state 3
	stmnt:  expr.';' 
	expr:  expr.'+' expr 
	expr:  expr.'-' expr 
	expr:  expr.'*' expr 
	expr:  expr.'/' expr 

	'+'  shift 8
	'-'  shift 9
	'*'  shift 10
	'/'  shift 11
	';'  shift 7
	.  error


state 4
	stmnt:  IDENT.'=' expr ';' 
	expr:  IDENT.    (6)

	'='  shift 12
	.  reduce 6 (src line 53)


state 5
	expr:  NUMBER.    (5)

	.  reduce 5 (src line 49)


state 6
	stmnts:  stmnt stmnts.    (2)

	.  reduce 2 (src line 32)


state 7
	stmnt:  expr ';'.    (3)

	.  reduce 3 (src line 40)


state 8
	expr:  expr '+'.expr 

	IDENT  shift 14
	NUMBER  shift 5
	.  error

	expr  goto 13

state 9
	expr:  expr '-'.expr 

	IDENT  shift 14
	NUMBER  shift 5
	.  error

	expr  goto 15

state 10
	expr:  expr '*'.expr 

	IDENT  shift 14
	NUMBER  shift 5
	.  error

	expr  goto 16

state 11
	expr:  expr '/'.expr 

	IDENT  shift 14
	NUMBER  shift 5
	.  error

	expr  goto 17

state 12
	stmnt:  IDENT '='.expr ';' 

	IDENT  shift 14
	NUMBER  shift 5
	.  error

	expr  goto 18

state 13
	expr:  expr.'+' expr 
	expr:  expr '+' expr.    (7)
	expr:  expr.'-' expr 
	expr:  expr.'*' expr 
	expr:  expr.'/' expr 

	'*'  shift 10
	'/'  shift 11
	.  reduce 7 (src line 56)


state 14
	expr:  IDENT.    (6)

	.  reduce 6 (src line 53)


state 15
	expr:  expr.'+' expr 
	expr:  expr.'-' expr 
	expr:  expr '-' expr.    (8)
	expr:  expr.'*' expr 
	expr:  expr.'/' expr 

	'*'  shift 10
	'/'  shift 11
	.  reduce 8 (src line 59)


state 16
	expr:  expr.'+' expr 
	expr:  expr.'-' expr 
	expr:  expr.'*' expr 
	expr:  expr '*' expr.    (9)
	expr:  expr.'/' expr 

	.  reduce 9 (src line 62)


state 17
	expr:  expr.'+' expr 
	expr:  expr.'-' expr 
	expr:  expr.'*' expr 
	expr:  expr.'/' expr 
	expr:  expr '/' expr.    (10)

	.  reduce 10 (src line 65)


state 18
	stmnt:  IDENT '=' expr.';' 
	expr:  expr.'+' expr 
	expr:  expr.'-' expr 
	expr:  expr.'*' expr 
	expr:  expr.'/' expr 

	'+'  shift 8
	'-'  shift 9
	'*'  shift 10
	'/'  shift 11
	';'  shift 19
	.  error


state 19
	stmnt:  IDENT '=' expr ';'.    (4)

	.  reduce 4 (src line 44)


11 terminals, 4 nonterminals
11 grammar rules, 20/2000 states
0 shift/reduce, 0 reduce/reduce conflicts reported
53 working sets used
memory: parser 10/30000
0 extra closures
29 shift entries, 1 exceptions
9 goto entries
2 entries saved by goto default
Optimizer space used: output 29/30000
29 table entries, 3 zero
maximum spread: 11, maximum offset: 12
